<?xml version="1.0" encoding="UTF-8"?>
<!-- Generated by org.testng.reporters.JUnitReportReporter -->
<testsuite hostname="DESKTOP-4C269SO" failures="0" tests="2" name="Test.PIMTest" time="6.085" errors="0" timestamp="2024-04-10T11:03:03 IST" skipped="0">
  <testcase classname="Test.PIMTest" name="doAddFirstEmployee" time="3.877"/>
  <system-out/>
  <testcase classname="Test.PIMTest" name="doLogout" time="2.208"/>
  <system-out/>
</testsuite> <!-- Test.PIMTest -->
