<?xml version="1.0" encoding="UTF-8"?>
<!-- Generated by org.testng.reporters.JUnitReportReporter -->
<testsuite hostname="DESKTOP-4C269SO" failures="0" tests="3" name="Test.LoginTestRunner" time="31.165" errors="0" timestamp="2024-04-10T11:03:03 IST" skipped="0">
  <testcase classname="Test.LoginTestRunner" name="doFailedLogin" time="20.624"/>
  <system-out/>
  <testcase classname="Test.LoginTestRunner" name="doLogin" time="8.214"/>
  <system-out/>
  <testcase classname="Test.LoginTestRunner" name="doLogout" time="2.327"/>
  <system-out/>
</testsuite> <!-- Test.LoginTestRunner -->
